<?xml version="1.0" encoding="UTF-8"?>
<testng-results ignored="0" total="9" passed="9" failed="0" skipped="0">
  <reporter-output>
  </reporter-output>
  <suite started-at="2024-11-27T14:18:25 IST" name="Fitpeo Page Test Suit" finished-at="2024-11-27T14:20:09 IST" duration-ms="104512">
    <groups>
    </groups>
    <test started-at="2024-11-27T14:18:25 IST" name="FitpeoHomePage" finished-at="2024-11-27T14:18:38 IST" duration-ms="13333">
      <class name="FitpeoHomePageTest">
        <test-method is-config="true" signature="setUp()[pri:0, instance:FitpeoHomePageTest@36b4fe2a]" started-at="2024-11-27T14:18:25 IST" name="setUp" finished-at="2024-11-27T14:18:32 IST" duration-ms="6849" status="PASS">
          <reporter-output>
          </reporter-output>
        </test-method> <!-- setUp -->
        <test-method signature="HomePage()[pri:0, instance:FitpeoHomePageTest@36b4fe2a]" started-at="2024-11-27T14:18:32 IST" name="HomePage" finished-at="2024-11-27T14:18:32 IST" duration-ms="58" status="PASS">
          <reporter-output>
          </reporter-output>
        </test-method> <!-- HomePage -->
        <test-method is-config="true" signature="teardown()[pri:0, instance:FitpeoHomePageTest@36b4fe2a]" started-at="2024-11-27T14:18:32 IST" name="teardown" finished-at="2024-11-27T14:18:32 IST" duration-ms="256" status="PASS">
          <reporter-output>
          </reporter-output>
        </test-method> <!-- teardown -->
        <test-method is-config="true" signature="setUp()[pri:0, instance:FitpeoHomePageTest@36b4fe2a]" started-at="2024-11-27T14:18:32 IST" name="setUp" finished-at="2024-11-27T14:18:36 IST" duration-ms="4090" status="PASS">
          <reporter-output>
          </reporter-output>
        </test-method> <!-- setUp -->
        <test-method signature="NavigateToRevenueCalculatorPageTest()[pri:1, instance:FitpeoHomePageTest@36b4fe2a]" started-at="2024-11-27T14:18:36 IST" name="NavigateToRevenueCalculatorPageTest" finished-at="2024-11-27T14:18:38 IST" duration-ms="1846" status="PASS">
          <reporter-output>
          </reporter-output>
        </test-method> <!-- NavigateToRevenueCalculatorPageTest -->
        <test-method is-config="true" signature="teardown()[pri:0, instance:FitpeoHomePageTest@36b4fe2a]" started-at="2024-11-27T14:18:38 IST" name="teardown" finished-at="2024-11-27T14:18:38 IST" duration-ms="120" status="PASS">
          <reporter-output>
          </reporter-output>
        </test-method> <!-- teardown -->
      </class> <!-- FitpeoHomePageTest -->
    </test> <!-- FitpeoHomePage -->
    <test started-at="2024-11-27T14:18:25 IST" name="FitpeoRevenueCalculatorPage" finished-at="2024-11-27T14:20:09 IST" duration-ms="104512">
      <class name="FitpeoRevenueCalculatorPageTest">
        <test-method is-config="true" signature="setUp()[pri:0, instance:FitpeoRevenueCalculatorPageTest@193f604a]" started-at="2024-11-27T14:18:25 IST" name="setUp" finished-at="2024-11-27T14:18:32 IST" duration-ms="7530" status="PASS">
          <reporter-output>
          </reporter-output>
        </test-method> <!-- setUp -->
        <test-method signature="scrollToSliderSection()[pri:0, instance:FitpeoRevenueCalculatorPageTest@193f604a]" started-at="2024-11-27T14:18:32 IST" name="scrollToSliderSection" finished-at="2024-11-27T14:18:32 IST" duration-ms="59" status="PASS">
          <reporter-output>
          </reporter-output>
        </test-method> <!-- scrollToSliderSection -->
        <test-method is-config="true" signature="teardown()[pri:0, instance:FitpeoRevenueCalculatorPageTest@193f604a]" started-at="2024-11-27T14:18:32 IST" name="teardown" finished-at="2024-11-27T14:18:33 IST" duration-ms="130" status="PASS">
          <reporter-output>
          </reporter-output>
        </test-method> <!-- teardown -->
        <test-method is-config="true" signature="setUp()[pri:0, instance:FitpeoRevenueCalculatorPageTest@193f604a]" started-at="2024-11-27T14:18:33 IST" name="setUp" finished-at="2024-11-27T14:18:37 IST" duration-ms="4890" status="PASS">
          <reporter-output>
          </reporter-output>
        </test-method> <!-- setUp -->
        <test-method signature="adjustSliderAndValidateValue()[pri:1, instance:FitpeoRevenueCalculatorPageTest@193f604a]" started-at="2024-11-27T14:18:37 IST" name="adjustSliderAndValidateValue" finished-at="2024-11-27T14:18:51 IST" duration-ms="13486" status="PASS">
          <reporter-output>
          </reporter-output>
        </test-method> <!-- adjustSliderAndValidateValue -->
        <test-method is-config="true" signature="teardown()[pri:0, instance:FitpeoRevenueCalculatorPageTest@193f604a]" started-at="2024-11-27T14:18:51 IST" name="teardown" finished-at="2024-11-27T14:18:51 IST" duration-ms="219" status="PASS">
          <reporter-output>
          </reporter-output>
        </test-method> <!-- teardown -->
        <test-method is-config="true" signature="setUp()[pri:0, instance:FitpeoRevenueCalculatorPageTest@193f604a]" started-at="2024-11-27T14:18:51 IST" name="setUp" finished-at="2024-11-27T14:18:56 IST" duration-ms="4730" status="PASS">
          <reporter-output>
          </reporter-output>
        </test-method> <!-- setUp -->
        <test-method signature="testSliderValueChangeViaTextField()[pri:2, instance:FitpeoRevenueCalculatorPageTest@193f604a]" started-at="2024-11-27T14:18:56 IST" name="testSliderValueChangeViaTextField" finished-at="2024-11-27T14:18:59 IST" duration-ms="3201" status="PASS">
          <reporter-output>
          </reporter-output>
        </test-method> <!-- testSliderValueChangeViaTextField -->
        <test-method is-config="true" signature="teardown()[pri:0, instance:FitpeoRevenueCalculatorPageTest@193f604a]" started-at="2024-11-27T14:18:59 IST" name="teardown" finished-at="2024-11-27T14:18:59 IST" duration-ms="167" status="PASS">
          <reporter-output>
          </reporter-output>
        </test-method> <!-- teardown -->
        <test-method is-config="true" signature="setUp()[pri:0, instance:FitpeoRevenueCalculatorPageTest@193f604a]" started-at="2024-11-27T14:18:59 IST" name="setUp" finished-at="2024-11-27T14:19:04 IST" duration-ms="5080" status="PASS">
          <reporter-output>
          </reporter-output>
        </test-method> <!-- setUp -->
        <test-method signature="updateTextFieldAndValidateSlider()[pri:3, instance:FitpeoRevenueCalculatorPageTest@193f604a]" started-at="2024-11-27T14:19:04 IST" name="updateTextFieldAndValidateSlider" finished-at="2024-11-27T14:19:07 IST" duration-ms="2980" status="PASS">
          <reporter-output>
          </reporter-output>
        </test-method> <!-- updateTextFieldAndValidateSlider -->
        <test-method is-config="true" signature="teardown()[pri:0, instance:FitpeoRevenueCalculatorPageTest@193f604a]" started-at="2024-11-27T14:19:07 IST" name="teardown" finished-at="2024-11-27T14:19:08 IST" duration-ms="173" status="PASS">
          <reporter-output>
          </reporter-output>
        </test-method> <!-- teardown -->
        <test-method is-config="true" signature="setUp()[pri:0, instance:FitpeoRevenueCalculatorPageTest@193f604a]" started-at="2024-11-27T14:19:08 IST" name="setUp" finished-at="2024-11-27T14:19:13 IST" duration-ms="5043" status="PASS">
          <reporter-output>
          </reporter-output>
        </test-method> <!-- setUp -->
        <test-method signature="selectCPTCodes()[pri:4, instance:FitpeoRevenueCalculatorPageTest@193f604a]" started-at="2024-11-27T14:19:13 IST" name="selectCPTCodes" finished-at="2024-11-27T14:19:14 IST" duration-ms="1382" status="PASS">
          <reporter-output>
          </reporter-output>
        </test-method> <!-- selectCPTCodes -->
        <test-method is-config="true" signature="teardown()[pri:0, instance:FitpeoRevenueCalculatorPageTest@193f604a]" started-at="2024-11-27T14:19:14 IST" name="teardown" finished-at="2024-11-27T14:19:14 IST" duration-ms="127" status="PASS">
          <reporter-output>
          </reporter-output>
        </test-method> <!-- teardown -->
        <test-method is-config="true" signature="setUp()[pri:0, instance:FitpeoRevenueCalculatorPageTest@193f604a]" started-at="2024-11-27T14:19:14 IST" name="setUp" finished-at="2024-11-27T14:19:19 IST" duration-ms="5164" status="PASS">
          <reporter-output>
          </reporter-output>
        </test-method> <!-- setUp -->
        <test-method signature="validateTotalRecurringReimbursement()[pri:5, instance:FitpeoRevenueCalculatorPageTest@193f604a]" started-at="2024-11-27T14:19:19 IST" name="validateTotalRecurringReimbursement" finished-at="2024-11-27T14:19:42 IST" duration-ms="23194" status="PASS">
          <reporter-output>
          </reporter-output>
        </test-method> <!-- validateTotalRecurringReimbursement -->
        <test-method is-config="true" signature="teardown()[pri:0, instance:FitpeoRevenueCalculatorPageTest@193f604a]" started-at="2024-11-27T14:19:42 IST" name="teardown" finished-at="2024-11-27T14:19:43 IST" duration-ms="182" status="PASS">
          <reporter-output>
          </reporter-output>
        </test-method> <!-- teardown -->
        <test-method is-config="true" signature="setUp()[pri:0, instance:FitpeoRevenueCalculatorPageTest@193f604a]" started-at="2024-11-27T14:19:43 IST" name="setUp" finished-at="2024-11-27T14:19:48 IST" duration-ms="5356" status="PASS">
          <reporter-output>
          </reporter-output>
        </test-method> <!-- setUp -->
        <test-method signature="verifyTotalRecurringReimbursement()[pri:6, instance:FitpeoRevenueCalculatorPageTest@193f604a]" started-at="2024-11-27T14:19:48 IST" name="verifyTotalRecurringReimbursement" finished-at="2024-11-27T14:20:09 IST" duration-ms="21111" status="PASS">
          <reporter-output>
          </reporter-output>
        </test-method> <!-- verifyTotalRecurringReimbursement -->
        <test-method is-config="true" signature="teardown()[pri:0, instance:FitpeoRevenueCalculatorPageTest@193f604a]" started-at="2024-11-27T14:20:09 IST" name="teardown" finished-at="2024-11-27T14:20:09 IST" duration-ms="203" status="PASS">
          <reporter-output>
          </reporter-output>
        </test-method> <!-- teardown -->
      </class> <!-- FitpeoRevenueCalculatorPageTest -->
    </test> <!-- FitpeoRevenueCalculatorPage -->
  </suite> <!-- Fitpeo Page Test Suit -->
</testng-results>
