<?xml version="1.0" encoding="UTF-8"?>
<!-- Generated by org.testng.reporters.JUnitXMLReporter -->
<testsuite ignored="0" hostname="DESKTOP-3QGQ764" failures="0" tests="7" name="FitpeoRevenueCalculatorPage" time="104.512" errors="0" timestamp="2024-11-27T14:20:09 IST">
  <testcase classname="FitpeoRevenueCalculatorPageTest" name="scrollToSliderSection" time="0.059"/>
  <testcase classname="FitpeoRevenueCalculatorPageTest" name="adjustSliderAndValidateValue" time="13.486"/>
  <testcase classname="FitpeoRevenueCalculatorPageTest" name="testSliderValueChangeViaTextField" time="3.201"/>
  <testcase classname="FitpeoRevenueCalculatorPageTest" name="updateTextFieldAndValidateSlider" time="2.98"/>
  <testcase classname="FitpeoRevenueCalculatorPageTest" name="selectCPTCodes" time="1.382"/>
  <testcase classname="FitpeoRevenueCalculatorPageTest" name="validateTotalRecurringReimbursement" time="23.194"/>
  <testcase classname="FitpeoRevenueCalculatorPageTest" name="verifyTotalRecurringReimbursement" time="21.111"/>
</testsuite> <!-- FitpeoRevenueCalculatorPage -->
